\BOOKMARK [0][-]{chapter.1}{\376\377\133\236\232\214\166\356\166\204\116\016\116\373\122\241\213\364\146\016}{}% 1
\BOOKMARK [1][-]{section.1.1}{\376\377\133\236\232\214\200\314\146\157}{chapter.1}% 2
\BOOKMARK [1][-]{section.1.2}{\376\377\133\236\232\214\116\373\122\241}{chapter.1}% 3
\BOOKMARK [1][-]{section.1.3}{\376\377\230\171\166\356\176\304\176\307}{chapter.1}% 4
\BOOKMARK [1][-]{section.1.4}{\376\377\133\236\232\214\166\356\150\007}{chapter.1}% 5
\BOOKMARK [1][-]{section.1.5}{\376\377\217\320\210\114\163\257\130\203}{chapter.1}% 6
\BOOKMARK [1][-]{section.1.6}{\376\377\142\245\124\112\176\323\147\204}{chapter.1}% 7
\BOOKMARK [0][-]{chapter.2}{\376\377\166\370\121\163\164\006\213\272\116\016\121\163\225\056\151\202\137\365}{}% 8
\BOOKMARK [1][-]{section.2.1}{\376\377\134\136\140\047\127\372\122\240\133\306\166\204\127\372\147\054\140\035\140\363}{chapter.2}% 9
\BOOKMARK [1][-]{section.2.2}{\376\377\000C\000P\000-\000A\000B\000E\000\040\116\016\000\040\000K\000P\000-\000A\000B\000E}{chapter.2}% 10
\BOOKMARK [1][-]{section.2.3}{\376\377\213\277\225\356\143\247\122\066\150\021}{chapter.2}% 11
\BOOKMARK [1][-]{section.2.4}{\376\377\176\277\140\047\171\330\133\306\121\161\116\253\145\271\150\110}{chapter.2}% 12
\BOOKMARK [1][-]{section.2.5}{\376\377\116\316\213\277\225\356\150\021\122\060\000\040\000L\000S\000S\000S\000\040\166\204\166\364\211\311}{chapter.2}% 13
\BOOKMARK [1][-]{section.2.6}{\376\377\123\314\176\277\140\047\133\371\060\001\143\007\145\160\142\275\214\141\152\041\127\213\116\016\167\037\133\236\221\115\133\371\133\236\163\260}{chapter.2}% 14
\BOOKMARK [1][-]{section.2.7}{\376\377\133\371\171\360\122\240\133\306\116\016\133\214\145\164\140\047\117\335\142\244}{chapter.2}% 15
\BOOKMARK [1][-]{section.2.8}{\376\377\147\054\172\340\134\017\176\323}{chapter.2}% 16
\BOOKMARK [0][-]{chapter.3}{\376\377\145\271\150\110\213\276\213\241\377\032\213\277\225\356\143\247\122\066\150\021\122\060\000\040\000L\000S\000S\000S\000\040\166\204\000\040\000C\000P\000-\000A\000B\000E}{}% 17
\BOOKMARK [1][-]{section.3.1}{\376\377\140\073\117\123\213\276\213\241\140\035\215\357}{chapter.3}% 18
\BOOKMARK [1][-]{section.3.2}{\376\377\213\277\225\356\143\247\122\066\150\021\122\060\000\040\000L\000S\000S\000S\000\040\166\204\147\204\220\040}{chapter.3}% 19
\BOOKMARK [2][-]{subsection.3.2.1}{\376\377\213\277\225\356\173\126\165\145\150\021\116\000\202\054\140\047\166\204\117\123\163\260}{section.3.2}% 20
\BOOKMARK [1][-]{section.3.3}{\376\377\000C\000P\000-\000A\000B\000E\000\040\126\333\116\052\150\070\137\303\173\227\154\325}{chapter.3}% 21
\BOOKMARK [2][-]{subsection.3.3.1}{\376\377\000S\000e\000t\000u\000p}{section.3.3}% 22
\BOOKMARK [2][-]{subsection.3.3.2}{\376\377\000K\000e\000y\000G\000e\000n}{section.3.3}% 23
\BOOKMARK [2][-]{subsection.3.3.3}{\376\377\000E\000n\000c\000r\000y\000p\000t}{section.3.3}% 24
\BOOKMARK [2][-]{subsection.3.3.4}{\376\377\000D\000e\000c\000r\000y\000p\000t}{section.3.3}% 25
\BOOKMARK [1][-]{section.3.4}{\376\377\145\160\143\156\155\101\213\276\213\241}{chapter.3}% 26
\BOOKMARK [1][-]{section.3.5}{\376\377\135\345\172\013\123\026\143\245\123\343\213\276\213\241}{chapter.3}% 27
\BOOKMARK [1][-]{section.3.6}{\376\377\133\211\121\150\140\047\217\271\165\114\116\016\133\236\163\260\123\326\202\015}{chapter.3}% 28
\BOOKMARK [0][-]{chapter.4}{\376\377\174\373\176\337\133\236\163\260}{}% 29
\BOOKMARK [1][-]{section.4.1}{\376\377\133\236\163\260\213\355\212\000\116\016\217\320\210\114\163\257\130\203}{chapter.4}% 30
\BOOKMARK [1][-]{section.4.2}{\376\377\152\041\127\127\176\323\147\204}{chapter.4}% 31
\BOOKMARK [1][-]{section.4.3}{\376\377\177\244\217\320\173\227\220\002\221\115\126\150\213\276\213\241}{chapter.4}% 32
\BOOKMARK [2][-]{subsection.4.3.1}{\376\377\167\037\133\236\000\040\000p\000a\000i\000r\000i\000n\000g\000\040\124\016\172\357}{section.4.3}% 33
\BOOKMARK [1][-]{section.4.4}{\376\377\145\160\143\156\176\323\147\204\213\276\213\241}{chapter.4}% 34
\BOOKMARK [2][-]{subsection.4.4.1}{\376\377\213\277\225\356\143\247\122\066\150\021}{section.4.4}% 35
\BOOKMARK [2][-]{subsection.4.4.2}{\376\377\000L\000S\000S\000S\000\040\210\150\171\072}{section.4.4}% 36
\BOOKMARK [2][-]{subsection.4.4.3}{\376\377\133\306\224\245\116\016\133\306\145\207}{section.4.4}% 37
\BOOKMARK [1][-]{section.4.5}{\376\377\213\277\225\356\143\247\122\066\150\021\122\060\000\040\000L\000S\000S\000S\000\040\166\204\133\236\163\260}{chapter.4}% 38
\BOOKMARK [1][-]{section.4.6}{\376\377\152\041\217\320\173\227\116\016\232\330\145\257\155\210\121\103}{chapter.4}% 39
\BOOKMARK [1][-]{section.4.7}{\376\377\122\240\133\306\217\175\203\167\133\236\163\260}{chapter.4}% 40
\BOOKMARK [1][-]{section.4.8}{\376\377\000C\000L\000I\000\040\133\236\163\260}{chapter.4}% 41
\BOOKMARK [1][-]{section.4.9}{\376\377\133\236\163\260\217\271\165\114}{chapter.4}% 42
\BOOKMARK [0][-]{chapter.5}{\376\377\133\236\232\214\217\307\172\013\116\016\176\323\147\234}{}% 43
\BOOKMARK [1][-]{section.5.1}{\376\377\133\236\232\214\221\115\177\156}{chapter.5}% 44
\BOOKMARK [1][-]{section.5.2}{\376\377\133\236\232\214\155\101\172\013}{chapter.5}% 45
\BOOKMARK [1][-]{section.5.3}{\376\377\133\236\232\214\176\323\147\234}{chapter.5}% 46
\BOOKMARK [2][-]{subsection.5.3.1}{\376\377\127\072\146\157\116\000\377\032\134\136\140\047\226\306\124\010\000\040\000A\000B}{section.5.3}% 47
\BOOKMARK [2][-]{subsection.5.3.2}{\376\377\127\072\146\157\116\214\377\032\134\136\140\047\226\306\124\010\000\040\000C}{section.5.3}% 48
\BOOKMARK [2][-]{subsection.5.3.3}{\376\377\127\072\146\157\116\011\377\032\134\136\140\047\226\306\124\010\000\040\000A}{section.5.3}% 49
\BOOKMARK [2][-]{subsection.5.3.4}{\376\377\127\072\146\157\126\333\377\032\162\171\153\212\134\136\140\047\124\015\000\040\000r\000o\000l\000e\000:\000a\000d\000m\000i\000n}{section.5.3}% 50
\BOOKMARK [2][-]{subsection.5.3.5}{\376\377\127\072\146\157\116\224\377\032\133\306\145\207\173\341\145\071\150\300\155\113}{section.5.3}% 51
\BOOKMARK [2][-]{subsection.5.3.6}{\376\377\127\072\146\157\121\155\116\016\116\003\377\032\0002\000-\000o\000f\000-\0003\000\040\226\010\120\074\225\350}{section.5.3}% 52
\BOOKMARK [2][-]{subsection.5.3.7}{\376\377\127\072\146\157\121\153\377\032\221\315\131\015\134\136\140\047}{section.5.3}% 53
\BOOKMARK [2][-]{subsection.5.3.8}{\376\377\127\072\146\157\116\135\377\032\227\136\154\325\173\126\165\145\217\223\121\145}{section.5.3}% 54
\BOOKMARK [1][-]{section.5.4}{\376\377\176\323\147\234\122\006\147\220}{chapter.5}% 55
\BOOKMARK [0][-]{chapter.6}{\376\377\140\073\176\323\116\016\134\125\147\033}{}% 56
\BOOKMARK [1][-]{section.6.1}{\376\377\135\345\117\134\140\073\176\323}{chapter.6}% 57
\BOOKMARK [1][-]{section.6.2}{\376\377\116\073\211\201\133\214\142\020\121\205\133\271}{chapter.6}% 58
\BOOKMARK [1][-]{section.6.3}{\376\377\133\236\232\214\116\367\120\074}{chapter.6}% 59
\BOOKMARK [1][-]{section.6.4}{\376\377\116\015\215\263\116\016\226\120\122\066}{chapter.6}% 60
\BOOKMARK [1][-]{section.6.5}{\376\377\167\037\133\236\133\211\121\150\213\301\146\016\147\141\116\366\133\371\161\147}{chapter.6}% 61
\BOOKMARK [1][-]{section.6.6}{\376\377\124\016\176\355\135\345\117\134\134\125\147\033}{chapter.6}% 62
\BOOKMARK [2][-]{subsection.6.6.1}{\376\377\133\214\125\204\167\037\133\236\123\314\176\277\140\047\133\371\136\223\133\236\163\260}{section.6.6}% 63
\BOOKMARK [2][-]{subsection.6.6.2}{\376\377\130\236\137\072\173\126\165\145\213\355\212\000}{section.6.6}% 64
\BOOKMARK [2][-]{subsection.6.6.3}{\376\377\142\151\134\125\155\113\213\325\226\306}{section.6.6}% 65
\BOOKMARK [2][-]{subsection.6.6.4}{\376\377\133\236\232\214\124\110\163\260\166\204\116\000\201\364\140\047}{section.6.6}% 66
\BOOKMARK [1][-]{section.6.7}{\376\377\176\323\213\272}{chapter.6}% 67
\BOOKMARK [0][-]{chapter.A}{\376\377\226\104\137\125\377\032\131\015\163\260\133\236\232\214\116\016\210\145\121\105\147\120\145\231}{}% 68
\BOOKMARK [1][-]{section.A.1}{\376\377\133\214\145\164\124\175\116\344\156\005\123\125}{chapter.A}% 69
\BOOKMARK [1][-]{section.A.2}{\376\377\171\072\117\213\173\126\165\145\000\040\000J\000S\000O\000N}{chapter.A}% 70
\BOOKMARK [1][-]{section.A.3}{\376\377\150\070\137\303\173\227\154\325\117\052\116\343\170\001}{chapter.A}% 71
\BOOKMARK [2][-]{subsection.A.3.1}{\376\377\150\021\122\060\167\351\226\065\217\154\143\142}{section.A.3}% 72
\BOOKMARK [2][-]{subsection.A.3.2}{\376\377\211\343\133\306\221\315\147\204}{section.A.3}% 73
\BOOKMARK [1][-]{section.A.4}{\376\377\123\302\200\003\145\207\163\056}{chapter.A}% 74
